app/build/intermediates/manifest_merge_blame_file/debug/manifest-merger-blame-debug-report.txt
1<?xml version="1.0" encoding="utf-8"?>
2<manifest xmlns:android="http://schemas.android.com/apk/res/android"
3    package="com.rrgroup.demo"
4    android:versionCode="1"
5    android:versionName="1.0" >
6
7    <uses-sdk
8        android:minSdkVersion="21"
8-->src\main\AndroidManifest.xml
9        android:targetSdkVersion="33" />
9-->src\main\AndroidManifest.xml
10
11    <uses-permission android:name="android.permission.INTERNET" />
11-->src\main\AndroidManifest.xml:40:5-66
11-->src\main\AndroidManifest.xml:40:22-64
12    <uses-permission android:name="android.permission.ACCESS_NETWORK_STATE" />
12-->src\main\AndroidManifest.xml:42:5-78
12-->src\main\AndroidManifest.xml:42:22-76
13    <uses-permission android:name="android.permission.ACCESS_WIFI_STATE" /> <!-- This permission is required to start foreground services in Android P. -->
13-->[com.google.android.libraries.cast.companionlibrary:ccl:2.8.4] AndroidManifest.xml:26:5-76
13-->[com.google.android.libraries.cast.companionlibrary:ccl:2.8.4] AndroidManifest.xml:26:22-73
14    <uses-permission android:name="android.permission.FOREGROUND_SERVICE" />
14-->[com.google.android.gms:play-services-cast-framework:20.0.0] AndroidManifest.xml:10:5-77
14-->[com.google.android.gms:play-services-cast-framework:20.0.0] AndroidManifest.xml:10:22-74
15    <uses-permission android:name="android.permission.WAKE_LOCK" /> <!-- Required by older versions of Google Play services to create IID tokens -->
15-->[com.google.firebase:firebase-messaging:23.0.2] AndroidManifest.xml:26:5-68
15-->[com.google.firebase:firebase-messaging:23.0.2] AndroidManifest.xml:26:22-65
16    <uses-permission android:name="com.google.android.c2dm.permission.RECEIVE" />
16-->[com.google.firebase:firebase-messaging:23.0.2] AndroidManifest.xml:28:5-82
16-->[com.google.firebase:firebase-messaging:23.0.2] AndroidManifest.xml:28:22-79
17
18    <queries>
18-->[androidx.media:media:1.3.1] AndroidManifest.xml:24:5-28:15
19        <intent>
19-->[androidx.media:media:1.3.1] AndroidManifest.xml:25:9-27:18
20            <action android:name="android.media.browse.MediaBrowserService" />
20-->[androidx.media:media:1.3.1] AndroidManifest.xml:26:13-79
20-->[androidx.media:media:1.3.1] AndroidManifest.xml:26:21-76
21        </intent>
22    </queries>
23
24    <application
24-->src\main\AndroidManifest.xml:6:5-38:19
25        android:allowBackup="true"
25-->src\main\AndroidManifest.xml:7:9-35
26        android:appComponentFactory="androidx.core.app.CoreComponentFactory"
26-->[androidx.core:core:1.5.0] AndroidManifest.xml:24:18-86
27        android:dataExtractionRules="@xml/data_extraction_rules"
27-->src\main\AndroidManifest.xml:8:9-65
28        android:debuggable="true"
29        android:fullBackupContent="@xml/backup_rules"
29-->src\main\AndroidManifest.xml:9:9-54
30        android:icon="@mipmap/ic_launcher"
30-->src\main\AndroidManifest.xml:10:9-43
31        android:label="@string/app_name"
31-->src\main\AndroidManifest.xml:11:9-41
32        android:roundIcon="@mipmap/ic_launcher_round"
32-->src\main\AndroidManifest.xml:12:9-54
33        android:supportsRtl="true"
33-->src\main\AndroidManifest.xml:13:9-35
34        android:testOnly="true"
35        android:theme="@style/Theme.Demo" >
35-->src\main\AndroidManifest.xml:14:9-42
36        <activity
36-->src\main\AndroidManifest.xml:16:9-28:20
37            android:name="com.rrgroup.demo.MainActivity"
37-->src\main\AndroidManifest.xml:17:13-57
38            android:exported="true" >
38-->src\main\AndroidManifest.xml:18:13-36
39            <intent-filter>
39-->src\main\AndroidManifest.xml:19:13-23:29
40                <action android:name="android.intent.action.MAIN" />
40-->src\main\AndroidManifest.xml:20:17-69
40-->src\main\AndroidManifest.xml:20:25-66
41
42                <category android:name="android.intent.category.LAUNCHER" />
42-->src\main\AndroidManifest.xml:22:17-77
42-->src\main\AndroidManifest.xml:22:27-74
43            </intent-filter>
44
45            <meta-data
45-->src\main\AndroidManifest.xml:25:13-27:36
46                android:name="android.app.lib_name"
46-->src\main\AndroidManifest.xml:26:17-52
47                android:value="" />
47-->src\main\AndroidManifest.xml:27:17-33
48        </activity>
49        <activity
49-->src\main\AndroidManifest.xml:30:9-31:61
50            android:name="com.rrgroup.demo.UpdateActivity"
50-->src\main\AndroidManifest.xml:30:19-65
51            android:screenOrientation="portrait" />
51-->src\main\AndroidManifest.xml:31:13-49
52        <activity
52-->src\main\AndroidManifest.xml:32:9-33:62
53            android:name="com.rrgroup.demo.PlayerActivity"
53-->src\main\AndroidManifest.xml:32:19-65
54            android:screenOrientation="landscape" />
54-->src\main\AndroidManifest.xml:33:13-50
55        <activity
55-->src\main\AndroidManifest.xml:34:9-35:61
56            android:name="com.rrgroup.demo.MaintenanceActivity"
56-->src\main\AndroidManifest.xml:34:19-70
57            android:screenOrientation="portrait" />
57-->src\main\AndroidManifest.xml:35:13-49
58        <activity
58-->src\main\AndroidManifest.xml:36:9-37:61
59            android:name="com.rrgroup.demo.OptionsActivity"
59-->src\main\AndroidManifest.xml:36:19-66
60            android:screenOrientation="portrait" />
60-->src\main\AndroidManifest.xml:37:13-49
61
62        <receiver
62-->[com.google.android.gms:play-services-cast-framework:20.0.0] AndroidManifest.xml:13:9-15:40
63            android:name="com.google.android.gms.cast.framework.media.MediaIntentReceiver"
63-->[com.google.android.gms:play-services-cast-framework:20.0.0] AndroidManifest.xml:14:13-91
64            android:exported="false" />
64-->[com.google.android.gms:play-services-cast-framework:20.0.0] AndroidManifest.xml:15:13-37
65
66        <service
66-->[com.google.android.gms:play-services-cast-framework:20.0.0] AndroidManifest.xml:17:9-20:61
67            android:name="com.google.android.gms.cast.framework.media.MediaNotificationService"
67-->[com.google.android.gms:play-services-cast-framework:20.0.0] AndroidManifest.xml:18:13-96
68            android:exported="false"
68-->[com.google.android.gms:play-services-cast-framework:20.0.0] AndroidManifest.xml:19:13-37
69            android:foregroundServiceType="mediaPlayback" />
69-->[com.google.android.gms:play-services-cast-framework:20.0.0] AndroidManifest.xml:20:13-58
70        <service
70-->[com.google.android.gms:play-services-cast-framework:20.0.0] AndroidManifest.xml:21:9-23:40
71            android:name="com.google.android.gms.cast.framework.ReconnectionService"
71-->[com.google.android.gms:play-services-cast-framework:20.0.0] AndroidManifest.xml:22:13-85
72            android:exported="false" />
72-->[com.google.android.gms:play-services-cast-framework:20.0.0] AndroidManifest.xml:23:13-37
73
74        <receiver
74-->[com.google.firebase:firebase-messaging:23.0.2] AndroidManifest.xml:31:9-38:20
75            android:name="com.google.firebase.iid.FirebaseInstanceIdReceiver"
75-->[com.google.firebase:firebase-messaging:23.0.2] AndroidManifest.xml:32:13-78
76            android:exported="true"
76-->[com.google.firebase:firebase-messaging:23.0.2] AndroidManifest.xml:33:13-36
77            android:permission="com.google.android.c2dm.permission.SEND" >
77-->[com.google.firebase:firebase-messaging:23.0.2] AndroidManifest.xml:34:13-73
78            <intent-filter>
78-->[com.google.firebase:firebase-messaging:23.0.2] AndroidManifest.xml:35:13-37:29
79                <action android:name="com.google.android.c2dm.intent.RECEIVE" />
79-->[com.google.firebase:firebase-messaging:23.0.2] AndroidManifest.xml:36:17-81
79-->[com.google.firebase:firebase-messaging:23.0.2] AndroidManifest.xml:36:25-78
80            </intent-filter>
81        </receiver>
82        <!--
83             FirebaseMessagingService performs security checks at runtime,
84             but set to not exported to explicitly avoid allowing another app to call it.
85        -->
86        <service
86-->[com.google.firebase:firebase-messaging:23.0.2] AndroidManifest.xml:44:9-51:19
87            android:name="com.google.firebase.messaging.FirebaseMessagingService"
87-->[com.google.firebase:firebase-messaging:23.0.2] AndroidManifest.xml:45:13-82
88            android:directBootAware="true"
88-->[com.google.firebase:firebase-messaging:23.0.2] AndroidManifest.xml:46:13-43
89            android:exported="false" >
89-->[com.google.firebase:firebase-messaging:23.0.2] AndroidManifest.xml:47:13-37
90            <intent-filter android:priority="-500" >
90-->[com.google.firebase:firebase-messaging:23.0.2] AndroidManifest.xml:48:13-50:29
90-->[com.google.firebase:firebase-messaging:23.0.2] AndroidManifest.xml:48:28-51
91                <action android:name="com.google.firebase.MESSAGING_EVENT" />
91-->[com.google.firebase:firebase-messaging:23.0.2] AndroidManifest.xml:49:17-78
91-->[com.google.firebase:firebase-messaging:23.0.2] AndroidManifest.xml:49:25-75
92            </intent-filter>
93        </service>
94        <service
94-->[com.google.firebase:firebase-messaging:23.0.2] AndroidManifest.xml:52:9-58:19
95            android:name="com.google.firebase.components.ComponentDiscoveryService"
95-->[com.google.firebase:firebase-messaging:23.0.2] AndroidManifest.xml:53:13-84
96            android:directBootAware="true"
96-->[com.google.firebase:firebase-common:20.1.0] AndroidManifest.xml:35:13-43
97            android:exported="false" >
97-->[com.google.firebase:firebase-messaging:23.0.2] AndroidManifest.xml:54:13-37
98            <meta-data
98-->[com.google.firebase:firebase-messaging:23.0.2] AndroidManifest.xml:55:13-57:85
99                android:name="com.google.firebase.components:com.google.firebase.messaging.FirebaseMessagingRegistrar"
99-->[com.google.firebase:firebase-messaging:23.0.2] AndroidManifest.xml:56:17-119
100                android:value="com.google.firebase.components.ComponentRegistrar" />
100-->[com.google.firebase:firebase-messaging:23.0.2] AndroidManifest.xml:57:17-82
101            <meta-data
101-->[com.google.firebase:firebase-datatransport:18.1.1] AndroidManifest.xml:28:13-30:85
102                android:name="com.google.firebase.components:com.google.firebase.datatransport.TransportRegistrar"
102-->[com.google.firebase:firebase-datatransport:18.1.1] AndroidManifest.xml:29:17-115
103                android:value="com.google.firebase.components.ComponentRegistrar" />
103-->[com.google.firebase:firebase-datatransport:18.1.1] AndroidManifest.xml:30:17-82
104            <meta-data
104-->[com.google.firebase:firebase-installations:17.0.1] AndroidManifest.xml:18:13-20:85
105                android:name="com.google.firebase.components:com.google.firebase.installations.FirebaseInstallationsRegistrar"
105-->[com.google.firebase:firebase-installations:17.0.1] AndroidManifest.xml:19:17-127
106                android:value="com.google.firebase.components.ComponentRegistrar" />
106-->[com.google.firebase:firebase-installations:17.0.1] AndroidManifest.xml:20:17-82
107        </service>
108
109        <provider
109-->[com.squareup.picasso:picasso:2.8] AndroidManifest.xml:8:9-11:40
110            android:name="com.squareup.picasso.PicassoProvider"
110-->[com.squareup.picasso:picasso:2.8] AndroidManifest.xml:9:13-64
111            android:authorities="com.rrgroup.demo.com.squareup.picasso"
111-->[com.squareup.picasso:picasso:2.8] AndroidManifest.xml:10:13-72
112            android:exported="false" />
112-->[com.squareup.picasso:picasso:2.8] AndroidManifest.xml:11:13-37
113
114        <activity
114-->[com.google.android.gms:play-services-base:18.0.1] AndroidManifest.xml:20:9-22:45
115            android:name="com.google.android.gms.common.api.GoogleApiActivity"
115-->[com.google.android.gms:play-services-base:18.0.1] AndroidManifest.xml:20:19-85
116            android:exported="false"
116-->[com.google.android.gms:play-services-base:18.0.1] AndroidManifest.xml:22:19-43
117            android:theme="@android:style/Theme.Translucent.NoTitleBar" />
117-->[com.google.android.gms:play-services-base:18.0.1] AndroidManifest.xml:21:19-78
118
119        <provider
119-->[com.google.firebase:firebase-common:20.1.0] AndroidManifest.xml:26:9-31:39
120            android:name="com.google.firebase.provider.FirebaseInitProvider"
120-->[com.google.firebase:firebase-common:20.1.0] AndroidManifest.xml:27:13-77
121            android:authorities="com.rrgroup.demo.firebaseinitprovider"
121-->[com.google.firebase:firebase-common:20.1.0] AndroidManifest.xml:28:13-72
122            android:directBootAware="true"
122-->[com.google.firebase:firebase-common:20.1.0] AndroidManifest.xml:29:13-43
123            android:exported="false"
123-->[com.google.firebase:firebase-common:20.1.0] AndroidManifest.xml:30:13-37
124            android:initOrder="100" />
124-->[com.google.firebase:firebase-common:20.1.0] AndroidManifest.xml:31:13-36
125
126        <meta-data
126-->[com.google.android.gms:play-services-basement:18.0.0] AndroidManifest.xml:21:9-23:69
127            android:name="com.google.android.gms.version"
127-->[com.google.android.gms:play-services-basement:18.0.0] AndroidManifest.xml:22:13-58
128            android:value="@integer/google_play_services_version" />
128-->[com.google.android.gms:play-services-basement:18.0.0] AndroidManifest.xml:23:13-66
129
130        <service
130-->[com.google.android.datatransport:transport-backend-cct:3.1.2] AndroidManifest.xml:29:9-35:19
131            android:name="com.google.android.datatransport.runtime.backends.TransportBackendDiscovery"
131-->[com.google.android.datatransport:transport-backend-cct:3.1.2] AndroidManifest.xml:30:13-103
132            android:exported="false" >
132-->[com.google.android.datatransport:transport-backend-cct:3.1.2] AndroidManifest.xml:31:13-37
133            <meta-data
133-->[com.google.android.datatransport:transport-backend-cct:3.1.2] AndroidManifest.xml:32:13-34:39
134                android:name="backend:com.google.android.datatransport.cct.CctBackendFactory"
134-->[com.google.android.datatransport:transport-backend-cct:3.1.2] AndroidManifest.xml:33:17-94
135                android:value="cct" />
135-->[com.google.android.datatransport:transport-backend-cct:3.1.2] AndroidManifest.xml:34:17-36
136        </service>
137        <service
137-->[com.google.android.datatransport:transport-runtime:3.1.2] AndroidManifest.xml:26:9-30:19
138            android:name="com.google.android.datatransport.runtime.scheduling.jobscheduling.JobInfoSchedulerService"
138-->[com.google.android.datatransport:transport-runtime:3.1.2] AndroidManifest.xml:27:13-117
139            android:exported="false"
139-->[com.google.android.datatransport:transport-runtime:3.1.2] AndroidManifest.xml:28:13-37
140            android:permission="android.permission.BIND_JOB_SERVICE" >
140-->[com.google.android.datatransport:transport-runtime:3.1.2] AndroidManifest.xml:29:13-69
141        </service>
142
143        <receiver
143-->[com.google.android.datatransport:transport-runtime:3.1.2] AndroidManifest.xml:32:9-34:40
144            android:name="com.google.android.datatransport.runtime.scheduling.jobscheduling.AlarmManagerSchedulerBroadcastReceiver"
144-->[com.google.android.datatransport:transport-runtime:3.1.2] AndroidManifest.xml:33:13-132
145            android:exported="false" />
145-->[com.google.android.datatransport:transport-runtime:3.1.2] AndroidManifest.xml:34:13-37
146    </application>
147
148</manifest>